c:\users\kevin\documents\github\mtrn3500ass2\mtrn3500ass2\mtrn3500ass2\debug\mtrn3500ass2.pch
c:\users\kevin\documents\github\mtrn3500ass2\mtrn3500ass2\mtrn3500ass2\debug\vc141.pdb
c:\users\kevin\documents\github\mtrn3500ass2\mtrn3500ass2\mtrn3500ass2\debug\vc141.idb
c:\users\kevin\documents\github\mtrn3500ass2\mtrn3500ass2\mtrn3500ass2\debug\pch.obj
c:\users\kevin\documents\github\mtrn3500ass2\mtrn3500ass2\mtrn3500ass2\debug\vehicle.obj
c:\users\kevin\documents\github\mtrn3500ass2\mtrn3500ass2\mtrn3500ass2\debug\vectormaths.obj
c:\users\kevin\documents\github\mtrn3500ass2\mtrn3500ass2\mtrn3500ass2\debug\shape.obj
c:\users\kevin\documents\github\mtrn3500ass2\mtrn3500ass2\mtrn3500ass2\debug\quaternion.obj
c:\users\kevin\documents\github\mtrn3500ass2\mtrn3500ass2\mtrn3500ass2\debug\myvehicle.obj
c:\users\kevin\documents\github\mtrn3500ass2\mtrn3500ass2\mtrn3500ass2\debug\mtrn3500ass2.obj
c:\users\kevin\documents\github\mtrn3500ass2\mtrn3500ass2\mtrn3500ass2\debug\messages.obj
c:\users\kevin\documents\github\mtrn3500ass2\mtrn3500ass2\mtrn3500ass2\debug\main.obj
c:\users\kevin\documents\github\mtrn3500ass2\mtrn3500ass2\mtrn3500ass2\debug\keymanager.obj
c:\users\kevin\documents\github\mtrn3500ass2\mtrn3500ass2\mtrn3500ass2\debug\hud.obj
c:\users\kevin\documents\github\mtrn3500ass2\mtrn3500ass2\mtrn3500ass2\debug\ground.obj
c:\users\kevin\documents\github\mtrn3500ass2\mtrn3500ass2\mtrn3500ass2\debug\frustum.obj
c:\users\kevin\documents\github\mtrn3500ass2\mtrn3500ass2\mtrn3500ass2\debug\camera.obj
c:\users\kevin\documents\github\mtrn3500ass2\mtrn3500ass2\debug\mtrn3500ass2.ilk
c:\users\kevin\documents\github\mtrn3500ass2\mtrn3500ass2\debug\mtrn3500ass2.exe
c:\users\kevin\documents\github\mtrn3500ass2\mtrn3500ass2\debug\mtrn3500ass2.pdb
c:\users\kevin\documents\github\mtrn3500ass2\mtrn3500ass2\mtrn3500ass2\debug\mtrn3500ass2.tlog\cl.command.1.tlog
c:\users\kevin\documents\github\mtrn3500ass2\mtrn3500ass2\mtrn3500ass2\debug\mtrn3500ass2.tlog\cl.read.1.tlog
c:\users\kevin\documents\github\mtrn3500ass2\mtrn3500ass2\mtrn3500ass2\debug\mtrn3500ass2.tlog\cl.write.1.tlog
c:\users\kevin\documents\github\mtrn3500ass2\mtrn3500ass2\mtrn3500ass2\debug\mtrn3500ass2.tlog\link.command.1.tlog
c:\users\kevin\documents\github\mtrn3500ass2\mtrn3500ass2\mtrn3500ass2\debug\mtrn3500ass2.tlog\link.read.1.tlog
c:\users\kevin\documents\github\mtrn3500ass2\mtrn3500ass2\mtrn3500ass2\debug\mtrn3500ass2.tlog\link.write.1.tlog
