  pch.cpp
  Camera.cpp
c:\users\kevin\documents\github\mtrn3500ass2\mtrn3500ass2\mtrn3500ass2\camera.cpp(42): warning C4305: '=': truncation from 'double' to 'float'
c:\users\kevin\documents\github\mtrn3500ass2\mtrn3500ass2\mtrn3500ass2\camera.cpp(43): warning C4305: '=': truncation from 'double' to 'float'
c:\users\kevin\documents\github\mtrn3500ass2\mtrn3500ass2\mtrn3500ass2\camera.cpp(84): warning C4244: '=': conversion from 'double' to 'float', possible loss of data
c:\users\kevin\documents\github\mtrn3500ass2\mtrn3500ass2\mtrn3500ass2\camera.cpp(215): warning C4305: '*=': truncation from 'double' to 'float'
c:\users\kevin\documents\github\mtrn3500ass2\mtrn3500ass2\mtrn3500ass2\camera.cpp(216): warning C4305: '*=': truncation from 'double' to 'float'
c:\users\kevin\documents\github\mtrn3500ass2\mtrn3500ass2\mtrn3500ass2\camera.cpp(217): warning C4305: '*=': truncation from 'double' to 'float'
c:\users\kevin\documents\github\mtrn3500ass2\mtrn3500ass2\mtrn3500ass2\camera.cpp(276): warning C4244: 'initializing': conversion from 'double' to 'float', possible loss of data
c:\users\kevin\documents\github\mtrn3500ass2\mtrn3500ass2\mtrn3500ass2\camera.cpp(282): warning C4244: 'initializing': conversion from 'double' to 'float', possible loss of data
c:\users\kevin\documents\github\mtrn3500ass2\mtrn3500ass2\mtrn3500ass2\camera.cpp(283): warning C4244: 'initializing': conversion from 'double' to 'float', possible loss of data
c:\users\kevin\documents\github\mtrn3500ass2\mtrn3500ass2\mtrn3500ass2\camera.cpp(354): warning C4244: 'argument': conversion from 'double' to 'float', possible loss of data
c:\users\kevin\documents\github\mtrn3500ass2\mtrn3500ass2\mtrn3500ass2\camera.cpp(398): warning C4244: 'initializing': conversion from 'double' to 'float', possible loss of data
c:\users\kevin\documents\github\mtrn3500ass2\mtrn3500ass2\mtrn3500ass2\camera.cpp(399): warning C4244: 'initializing': conversion from 'double' to 'float', possible loss of data
c:\users\kevin\documents\github\mtrn3500ass2\mtrn3500ass2\mtrn3500ass2\camera.cpp(434): warning C4244: '-=': conversion from 'double' to 'float', possible loss of data
c:\users\kevin\documents\github\mtrn3500ass2\mtrn3500ass2\mtrn3500ass2\camera.cpp(439): warning C4244: '+=': conversion from 'double' to 'float', possible loss of data
c:\users\kevin\documents\github\mtrn3500ass2\mtrn3500ass2\mtrn3500ass2\camera.cpp(443): warning C4101: 'new_dest_dir': unreferenced local variable
c:\users\kevin\documents\github\mtrn3500ass2\mtrn3500ass2\mtrn3500ass2\camera.cpp(768): warning C4305: '=': truncation from 'double' to 'float'
c:\users\kevin\documents\github\mtrn3500ass2\mtrn3500ass2\mtrn3500ass2\camera.cpp(769): warning C4305: '=': truncation from 'double' to 'float'
c:\users\kevin\documents\github\mtrn3500ass2\mtrn3500ass2\mtrn3500ass2\camera.cpp(774): warning C4305: '=': truncation from 'double' to 'float'
c:\users\kevin\documents\github\mtrn3500ass2\mtrn3500ass2\mtrn3500ass2\camera.cpp(775): warning C4305: '=': truncation from 'double' to 'float'
c:\users\kevin\documents\github\mtrn3500ass2\mtrn3500ass2\mtrn3500ass2\camera.cpp(780): warning C4305: '=': truncation from 'double' to 'float'
c:\users\kevin\documents\github\mtrn3500ass2\mtrn3500ass2\mtrn3500ass2\camera.cpp(781): warning C4305: '=': truncation from 'double' to 'float'
  Frustum.cpp
  Ground.cpp
c:\users\kevin\documents\github\mtrn3500ass2\mtrn3500ass2\mtrn3500ass2\ground.cpp(21): warning C4244: 'argument': conversion from 'int' to 'GLfloat', possible loss of data
c:\users\kevin\documents\github\mtrn3500ass2\mtrn3500ass2\mtrn3500ass2\ground.cpp(22): warning C4244: 'argument': conversion from 'int' to 'GLfloat', possible loss of data
c:\users\kevin\documents\github\mtrn3500ass2\mtrn3500ass2\mtrn3500ass2\ground.cpp(24): warning C4244: 'argument': conversion from 'int' to 'GLfloat', possible loss of data
c:\users\kevin\documents\github\mtrn3500ass2\mtrn3500ass2\mtrn3500ass2\ground.cpp(25): warning C4244: 'argument': conversion from 'int' to 'GLfloat', possible loss of data
  HUD.cpp
c:\users\kevin\documents\github\mtrn3500ass2\mtrn3500ass2\mtrn3500ass2\hud.cpp(38): warning C4018: '<': signed/unsigned mismatch
  KeyManager.cpp
  main.cpp
  Messages.cpp
c:\users\kevin\documents\github\mtrn3500ass2\mtrn3500ass2\mtrn3500ass2\messages.cpp(229): warning C4018: '<': signed/unsigned mismatch
  MyVehicle.cpp
  Quaternion.cpp
  Shape.cpp
  VectorMaths.cpp
c:\users\kevin\documents\github\mtrn3500ass2\mtrn3500ass2\mtrn3500ass2\vectormaths.cpp(123): warning C4244: 'initializing': conversion from 'double' to 'float', possible loss of data
  Vehicle.cpp
  Generating Code...
  MTRN3500Ass2.vcxproj -> C:\Users\Kevin\Documents\GitHub\MTRN3500Ass2\MTRN3500Ass2\Debug\MTRN3500Ass2.exe
